# JRE version: OpenJDK Runtime Environment (8.0_242-b01) (build 1.8.0_242-release-1644-b01)
# Java VM: OpenJDK 64-Bit Server VM (25.242-b01 mixed mode windows-amd64 compressed oops)
Heap:
 PSYoungGen      total 584704K, used 140260K [0x00000000d5580000, 0x00000000ffa00000, 0x0000000100000000)
  eden space 570880K, 22% used [0x00000000d5580000,0x00000000dd113130,0x00000000f8300000)
  from space 13824K, 99% used [0x00000000f8300000,0x00000000f90660c0,0x00000000f9080000)
  to   space 60928K, 0% used [0x00000000fbe80000,0x00000000fbe80000,0x00000000ffa00000)
 ParOldGen       total 332800K, used 187002K [0x0000000080000000, 0x0000000094500000, 0x00000000d5580000)
  object space 332800K, 56% used [0x0000000080000000,0x000000008b69e980,0x0000000094500000)
 Metaspace       used 99858K, capacity 105323K, committed 106392K, reserved 1140736K
  class space    used 12801K, capacity 13777K, committed 14256K, reserved 1048576K
GC Heap History (10 events):
Event: 108.599 GC heap before
{Heap before GC invocations=79 (full 6):
 PSYoungGen      total 658432K, used 35837K [0x00000000d5580000, 0x0000000100000000, 0x0000000100000000)
  eden space 622592K, 0% used [0x00000000d5580000,0x00000000d5580000,0x00000000fb580000)
  from space 35840K, 99% used [0x00000000fb580000,0x00000000fd87f630,0x00000000fd880000)
  to   space 40448K, 0% used [0x00000000fd880000,0x00000000fd880000,0x0000000100000000)
 ParOldGen       total 266240K, used 265739K [0x0000000080000000, 0x0000000090400000, 0x00000000d5580000)
  object space 266240K, 99% used [0x0000000080000000,0x0000000090382f40,0x0000000090400000)
 Metaspace       used 85818K, capacity 90393K, committed 92312K, reserved 1128448K
  class space    used 11432K, capacity 12279K, committed 12976K, reserved 1048576K
Event: 109.236 GC heap after
Heap after GC invocations=79 (full 6):
 PSYoungGen      total 658432K, used 0K [0x00000000d5580000, 0x0000000100000000, 0x0000000100000000)
  eden space 622592K, 0% used [0x00000000d5580000,0x00000000d5580000,0x00000000fb580000)
  from space 35840K, 0% used [0x00000000fb580000,0x00000000fb580000,0x00000000fd880000)
  to   space 40448K, 0% used [0x00000000fd880000,0x00000000fd880000,0x0000000100000000)
 ParOldGen       total 332800K, used 186970K [0x0000000080000000, 0x0000000094500000, 0x00000000d5580000)
  object space 332800K, 56% used [0x0000000080000000,0x000000008b696980,0x0000000094500000)
 Metaspace       used 85780K, capacity 90287K, committed 92312K, reserved 1128448K
  class space    used 11418K, capacity 12254K, committed 12976K, reserved 1048576K
}
Event: 147.459 GC heap before
{Heap before GC invocations=80 (full 6):
 PSYoungGen      total 658432K, used 622592K [0x00000000d5580000, 0x0000000100000000, 0x0000000100000000)
  eden space 622592K, 100% used [0x00000000d5580000,0x00000000fb580000,0x00000000fb580000)
  from space 35840K, 0% used [0x00000000fb580000,0x00000000fb580000,0x00000000fd880000)
  to   space 40448K, 0% used [0x00000000fd880000,0x00000000fd880000,0x0000000100000000)
 ParOldGen       total 332800K, used 186970K [0x0000000080000000, 0x0000000094500000, 0x00000000d5580000)
  object space 332800K, 56% used [0x0000000080000000,0x000000008b696980,0x0000000094500000)
 Metaspace       used 92708K, capacity 97441K, committed 99224K, reserved 1134592K
  class space    used 12222K, capacity 13106K, committed 13744K, reserved 1048576K
Event: 147.474 GC heap after
Heap after GC invocations=80 (full 6):
 PSYoungGen      total 618496K, used 16484K [0x00000000d5580000, 0x0000000100000000, 0x0000000100000000)
  eden space 578048K, 0% used [0x00000000d5580000,0x00000000d5580000,0x00000000f8a00000)
  from space 40448K, 40% used [0x00000000fd880000,0x00000000fe8991b8,0x0000000100000000)
  to   space 60416K, 0% used [0x00000000f8a00000,0x00000000f8a00000,0x00000000fc500000)
 ParOldGen       total 332800K, used 186978K [0x0000000080000000, 0x0000000094500000, 0x00000000d5580000)
  object space 332800K, 56% used [0x0000000080000000,0x000000008b698980,0x0000000094500000)
 Metaspace       used 92708K, capacity 97441K, committed 99224K, reserved 1134592K
  class space    used 12222K, capacity 13106K, committed 13744K, reserved 1048576K
}
Event: 152.081 GC heap before
{Heap before GC invocations=81 (full 6):
 PSYoungGen      total 618496K, used 594532K [0x00000000d5580000, 0x0000000100000000, 0x0000000100000000)
  eden space 578048K, 100% used [0x00000000d5580000,0x00000000f8a00000,0x00000000f8a00000)
  from space 40448K, 40% used [0x00000000fd880000,0x00000000fe8991b8,0x0000000100000000)
  to   space 60416K, 0% used [0x00000000f8a00000,0x00000000f8a00000,0x00000000fc500000)
 ParOldGen       total 332800K, used 186978K [0x0000000080000000, 0x0000000094500000, 0x00000000d5580000)
  object space 332800K, 56% used [0x0000000080000000,0x000000008b698980,0x0000000094500000)
 Metaspace       used 93963K, capacity 98959K, committed 100376K, reserved 1136640K
  class space    used 12358K, capacity 13269K, committed 13872K, reserved 1048576K
Event: 152.134 GC heap after
Heap after GC invocations=81 (full 6):
 PSYoungGen      total 624128K, used 45829K [0x00000000d5580000, 0x0000000100000000, 0x0000000100000000)
  eden space 578048K, 0% used [0x00000000d5580000,0x00000000d5580000,0x00000000f8a00000)
  from space 46080K, 99% used [0x00000000f8a00000,0x00000000fb6c1688,0x00000000fb700000)
  to   space 65024K, 0% used [0x00000000fc080000,0x00000000fc080000,0x0000000100000000)
 ParOldGen       total 332800K, used 186986K [0x0000000080000000, 0x0000000094500000, 0x00000000d5580000)
  object space 332800K, 56% used [0x0000000080000000,0x000000008b69a980,0x0000000094500000)
 Metaspace       used 93963K, capacity 98959K, committed 100376K, reserved 1136640K
  class space    used 12358K, capacity 13269K, committed 13872K, reserved 1048576K
}
Event: 928.361 GC heap before
{Heap before GC invocations=82 (full 6):
 PSYoungGen      total 624128K, used 623877K [0x00000000d5580000, 0x0000000100000000, 0x0000000100000000)
  eden space 578048K, 100% used [0x00000000d5580000,0x00000000f8a00000,0x00000000f8a00000)
  from space 46080K, 99% used [0x00000000f8a00000,0x00000000fb6c1688,0x00000000fb700000)
  to   space 65024K, 0% used [0x00000000fc080000,0x00000000fc080000,0x0000000100000000)
 ParOldGen       total 332800K, used 186986K [0x0000000080000000, 0x0000000094500000, 0x00000000d5580000)
  object space 332800K, 56% used [0x0000000080000000,0x000000008b69a980,0x0000000094500000)
 Metaspace       used 98733K, capacity 103873K, committed 105112K, reserved 1140736K
  class space    used 12725K, capacity 13670K, committed 14256K, reserved 1048576K
Event: 929.407 GC heap after
Heap after GC invocations=82 (full 6):
 PSYoungGen      total 635904K, used 29532K [0x00000000d5580000, 0x0000000100000000, 0x0000000100000000)
  eden space 570880K, 0% used [0x00000000d5580000,0x00000000d5580000,0x00000000f8300000)
  from space 65024K, 45% used [0x00000000fc080000,0x00000000fdd57270,0x0000000100000000)
  to   space 62976K, 0% used [0x00000000f8300000,0x00000000f8300000,0x00000000fc080000)
 ParOldGen       total 332800K, used 186994K [0x0000000080000000, 0x0000000094500000, 0x00000000d5580000)
  object space 332800K, 56% used [0x0000000080000000,0x000000008b69c980,0x0000000094500000)
 Metaspace       used 98733K, capacity 103873K, committed 105112K, reserved 1140736K
  class space    used 12725K, capacity 13670K, committed 14256K, reserved 1048576K
}
Event: 1250.447 GC heap before
{Heap before GC invocations=83 (full 6):
 PSYoungGen      total 635904K, used 600412K [0x00000000d5580000, 0x0000000100000000, 0x0000000100000000)
  eden space 570880K, 100% used [0x00000000d5580000,0x00000000f8300000,0x00000000f8300000)
  from space 65024K, 45% used [0x00000000fc080000,0x00000000fdd57270,0x0000000100000000)
  to   space 62976K, 0% used [0x00000000f8300000,0x00000000f8300000,0x00000000fc080000)
 ParOldGen       total 332800K, used 186994K [0x0000000080000000, 0x0000000094500000, 0x00000000d5580000)
  object space 332800K, 56% used [0x0000000080000000,0x000000008b69c980,0x0000000094500000)
 Metaspace       used 99629K, capacity 105073K, committed 106136K, reserved 1140736K
  class space    used 12776K, capacity 13758K, committed 14256K, reserved 1048576K
Event: 1250.636 GC heap after
Heap after GC invocations=83 (full 6):
 PSYoungGen      total 584704K, used 13720K [0x00000000d5580000, 0x00000000ffa00000, 0x0000000100000000)
  eden space 570880K, 0% used [0x00000000d5580000,0x00000000d5580000,0x00000000f8300000)
  from space 13824K, 99% used [0x00000000f8300000,0x00000000f90660c0,0x00000000f9080000)
  to   space 60928K, 0% used [0x00000000fbe80000,0x00000000fbe80000,0x00000000ffa00000)
 ParOldGen       total 332800K, used 187002K [0x0000000080000000, 0x0000000094500000, 0x00000000d5580000)
  object space 332800K, 56% used [0x0000000080000000,0x000000008b69e980,0x0000000094500000)
 Metaspace       used 99629K, capacity 105073K, committed 106136K, reserved 1140736K
  class space    used 12776K, capacity 13758K, committed 14256K, reserved 1048576K
}

