# JRE version: OpenJDK Runtime Environment (8.0_242-b01) (build 1.8.0_242-release-1644-b01)
# Java VM: OpenJDK 64-Bit Server VM (25.242-b01 mixed mode windows-amd64 compressed oops)
Heap:
 PSYoungGen      total 558592K, used 62797K [0x00000000d5580000, 0x00000000fff80000, 0x0000000100000000)
  eden space 418304K, 15% used [0x00000000d5580000,0x00000000d92d36e0,0x00000000eee00000)
  from space 140288K, 0% used [0x00000000eee00000,0x00000000eee00000,0x00000000f7700000)
  to   space 139264K, 0% used [0x00000000f7780000,0x00000000f7780000,0x00000000fff80000)
 ParOldGen       total 189952K, used 157851K [0x0000000080000000, 0x000000008b980000, 0x00000000d5580000)
  object space 189952K, 83% used [0x0000000080000000,0x0000000089a26c38,0x000000008b980000)
 Metaspace       used 138879K, capacity 146028K, committed 150348K, reserved 1179648K
  class space    used 17743K, capacity 19126K, committed 20096K, reserved 1048576K
GC Heap History (10 events):
Event: 7303.985 GC heap before
{Heap before GC invocations=43 (full 4):
 PSYoungGen      total 556544K, used 535607K [0x00000000d5580000, 0x0000000100000000, 0x0000000100000000)
  eden space 436736K, 100% used [0x00000000d5580000,0x00000000f0000000,0x00000000f0000000)
  from space 119808K, 82% used [0x00000000f8b00000,0x00000000feb8dde0,0x0000000100000000)
  to   space 131072K, 0% used [0x00000000f0000000,0x00000000f0000000,0x00000000f8000000)
 ParOldGen       total 185344K, used 108982K [0x0000000080000000, 0x000000008b500000, 0x00000000d5580000)
  object space 185344K, 58% used [0x0000000080000000,0x0000000086a6d888,0x000000008b500000)
 Metaspace       used 140404K, capacity 149860K, committed 150092K, reserved 1179648K
  class space    used 18232K, capacity 20019K, committed 20096K, reserved 1048576K
Event: 7304.066 GC heap after
Heap after GC invocations=43 (full 4):
 PSYoungGen      total 533504K, used 96600K [0x00000000d5580000, 0x0000000100000000, 0x0000000100000000)
  eden space 436736K, 0% used [0x00000000d5580000,0x00000000d5580000,0x00000000f0000000)
  from space 96768K, 99% used [0x00000000f0000000,0x00000000f5e560d8,0x00000000f5e80000)
  to   space 138752K, 0% used [0x00000000f7880000,0x00000000f7880000,0x0000000100000000)
 ParOldGen       total 185344K, used 118219K [0x0000000080000000, 0x000000008b500000, 0x00000000d5580000)
  object space 185344K, 63% used [0x0000000080000000,0x0000000087372e00,0x000000008b500000)
 Metaspace       used 140404K, capacity 149860K, committed 150092K, reserved 1179648K
  class space    used 18232K, capacity 20019K, committed 20096K, reserved 1048576K
}
Event: 7304.970 GC heap before
{Heap before GC invocations=44 (full 4):
 PSYoungGen      total 533504K, used 533336K [0x00000000d5580000, 0x0000000100000000, 0x0000000100000000)
  eden space 436736K, 100% used [0x00000000d5580000,0x00000000f0000000,0x00000000f0000000)
  from space 96768K, 99% used [0x00000000f0000000,0x00000000f5e560d8,0x00000000f5e80000)
  to   space 138752K, 0% used [0x00000000f7880000,0x00000000f7880000,0x0000000100000000)
 ParOldGen       total 185344K, used 118219K [0x0000000080000000, 0x000000008b500000, 0x00000000d5580000)
  object space 185344K, 63% used [0x0000000080000000,0x0000000087372e00,0x000000008b500000)
 Metaspace       used 140742K, capacity 150182K, committed 150348K, reserved 1179648K
  class space    used 18235K, capacity 20022K, committed 20096K, reserved 1048576K
Event: 7305.048 GC heap after
Heap after GC invocations=44 (full 4):
 PSYoungGen      total 557056K, used 85162K [0x00000000d5580000, 0x0000000100000000, 0x0000000100000000)
  eden space 418304K, 0% used [0x00000000d5580000,0x00000000d5580000,0x00000000eee00000)
  from space 138752K, 61% used [0x00000000f7880000,0x00000000fcbaab48,0x0000000100000000)
  to   space 140288K, 0% used [0x00000000eee00000,0x00000000eee00000,0x00000000f7700000)
 ParOldGen       total 185344K, used 127059K [0x0000000080000000, 0x000000008b500000, 0x00000000d5580000)
  object space 185344K, 68% used [0x0000000080000000,0x0000000087c14f48,0x000000008b500000)
 Metaspace       used 140742K, capacity 150182K, committed 150348K, reserved 1179648K
  class space    used 18235K, capacity 20022K, committed 20096K, reserved 1048576K
}
Event: 7305.668 GC heap before
{Heap before GC invocations=45 (full 4):
 PSYoungGen      total 557056K, used 503466K [0x00000000d5580000, 0x0000000100000000, 0x0000000100000000)
  eden space 418304K, 100% used [0x00000000d5580000,0x00000000eee00000,0x00000000eee00000)
  from space 138752K, 61% used [0x00000000f7880000,0x00000000fcbaab48,0x0000000100000000)
  to   space 140288K, 0% used [0x00000000eee00000,0x00000000eee00000,0x00000000f7700000)
 ParOldGen       total 185344K, used 127059K [0x0000000080000000, 0x000000008b500000, 0x00000000d5580000)
  object space 185344K, 68% used [0x0000000080000000,0x0000000087c14f48,0x000000008b500000)
 Metaspace       used 140804K, capacity 150258K, committed 150348K, reserved 1179648K
  class space    used 18243K, capacity 20024K, committed 20096K, reserved 1048576K
Event: 7305.743 GC heap after
Heap after GC invocations=45 (full 4):
 PSYoungGen      total 558592K, used 22087K [0x00000000d5580000, 0x00000000fff80000, 0x0000000100000000)
  eden space 418304K, 0% used [0x00000000d5580000,0x00000000d5580000,0x00000000eee00000)
  from space 140288K, 15% used [0x00000000eee00000,0x00000000f0391f80,0x00000000f7700000)
  to   space 139264K, 0% used [0x00000000f7780000,0x00000000f7780000,0x00000000fff80000)
 ParOldGen       total 189952K, used 189718K [0x0000000080000000, 0x000000008b980000, 0x00000000d5580000)
  object space 189952K, 99% used [0x0000000080000000,0x000000008b9458e0,0x000000008b980000)
 Metaspace       used 140804K, capacity 150258K, committed 150348K, reserved 1179648K
  class space    used 18243K, capacity 20024K, committed 20096K, reserved 1048576K
}
Event: 7305.815 GC heap before
{Heap before GC invocations=46 (full 5):
 PSYoungGen      total 558592K, used 22087K [0x00000000d5580000, 0x00000000fff80000, 0x0000000100000000)
  eden space 418304K, 0% used [0x00000000d5580000,0x00000000d5580000,0x00000000eee00000)
  from space 140288K, 15% used [0x00000000eee00000,0x00000000f0391f80,0x00000000f7700000)
  to   space 139264K, 0% used [0x00000000f7780000,0x00000000f7780000,0x00000000fff80000)
 ParOldGen       total 189952K, used 189718K [0x0000000080000000, 0x000000008b980000, 0x00000000d5580000)
  object space 189952K, 99% used [0x0000000080000000,0x000000008b9458e0,0x000000008b980000)
 Metaspace       used 140804K, capacity 150258K, committed 150348K, reserved 1179648K
  class space    used 18243K, capacity 20024K, committed 20096K, reserved 1048576K
Event: 7380.598 GC heap after
Heap after GC invocations=46 (full 5):
 PSYoungGen      total 558592K, used 0K [0x00000000d5580000, 0x00000000fff80000, 0x0000000100000000)
  eden space 418304K, 0% used [0x00000000d5580000,0x00000000d5580000,0x00000000eee00000)
  from space 140288K, 0% used [0x00000000eee00000,0x00000000eee00000,0x00000000f7700000)
  to   space 139264K, 0% used [0x00000000f7780000,0x00000000f7780000,0x00000000fff80000)
 ParOldGen       total 189952K, used 156128K [0x0000000080000000, 0x000000008b980000, 0x00000000d5580000)
  object space 189952K, 82% used [0x0000000080000000,0x0000000089878058,0x000000008b980000)
 Metaspace       used 138877K, capacity 146020K, committed 150348K, reserved 1179648K
  class space    used 17743K, capacity 19126K, committed 20096K, reserved 1048576K
}
Event: 7382.042 GC heap before
{Heap before GC invocations=47 (full 6):
 PSYoungGen      total 558592K, used 418304K [0x00000000d5580000, 0x00000000fff80000, 0x0000000100000000)
  eden space 418304K, 100% used [0x00000000d5580000,0x00000000eee00000,0x00000000eee00000)
  from space 140288K, 0% used [0x00000000eee00000,0x00000000eee00000,0x00000000f7700000)
  to   space 139264K, 0% used [0x00000000f7780000,0x00000000f7780000,0x00000000fff80000)
 ParOldGen       total 189952K, used 156128K [0x0000000080000000, 0x000000008b980000, 0x00000000d5580000)
  object space 189952K, 82% used [0x0000000080000000,0x0000000089878058,0x000000008b980000)
 Metaspace       used 138879K, capacity 146028K, committed 150348K, reserved 1179648K
  class space    used 17743K, capacity 19126K, committed 20096K, reserved 1048576K
Event: 7382.801 GC heap after
Heap after GC invocations=47 (full 6):
 PSYoungGen      total 558592K, used 0K [0x00000000d5580000, 0x00000000fff80000, 0x0000000100000000)
  eden space 418304K, 0% used [0x00000000d5580000,0x00000000d5580000,0x00000000eee00000)
  from space 140288K, 0% used [0x00000000eee00000,0x00000000eee00000,0x00000000f7700000)
  to   space 139264K, 0% used [0x00000000f7780000,0x00000000f7780000,0x00000000fff80000)
 ParOldGen       total 189952K, used 157851K [0x0000000080000000, 0x000000008b980000, 0x00000000d5580000)
  object space 189952K, 83% used [0x0000000080000000,0x0000000089a26c38,0x000000008b980000)
 Metaspace       used 138879K, capacity 146028K, committed 150348K, reserved 1179648K
  class space    used 17743K, capacity 19126K, committed 20096K, reserved 1048576K
}

